<?xml version="1.0" encoding="UTF-8"?>
<testsuite xmlns:xsi="http://www.w3.org/2001/XMLSchema-instance" xsi:noNamespaceSchemaLocation="https://maven.apache.org/surefire/maven-surefire-plugin/xsd/surefire-test-report.xsd" version="3.0.2" name="br.gov.caixa.treinamento.model.ModelosComplementaresTest" time="0.144" tests="6" errors="0" skipped="0" failures="0">
  <properties>
[...]
</properties>
  <testcase name="moduloAtualizacao_deveCobrirConstrutores" classname="br.gov.caixa.treinamento.model.ModelosComplementaresTest" time="0.02"/>
  <testcase name="badgeUsuario_deveArmazenarDados" classname="br.gov.caixa.treinamento.model.ModelosComplementaresTest" time="0.054"/>
  <testcase name="usuario_deveIniciarGamificacaoComDefaults" classname="br.gov.caixa.treinamento.model.ModelosComplementaresTest" time="0.002"/>
  <testcase name="atividadeUsuario_deveArmazenarDados" classname="br.gov.caixa.treinamento.model.ModelosComplementaresTest" time="0.014"/>
  <testcase name="etapaTreinamento_deveCobrirConstrutores" classname="br.gov.caixa.treinamento.model.ModelosComplementaresTest" time="0.01"/>
  <testcase name="progressoTreinamento_deveCobrirDefaultsEAtualizacao" classname="br.gov.caixa.treinamento.model.ModelosComplementaresTest" time="0.002"/>
</testsuite>